00:00:00.000218 main     VirtualBox XPCOM Server 6.1.30 r148432 linux.amd64 (Nov 22 2021 19:44:56) release log
00:00:00.000220 main     Log opened 2021-12-01T00:30:54.751713000Z
00:00:00.000221 main     Build Type: release
00:00:00.000222 main     OS Product: Linux
00:00:00.000223 main     OS Release: 5.15.5-arch1-1
00:00:00.000224 main     OS Version: #1 SMP PREEMPT Thu, 25 Nov 2021 22:09:33 +0000
00:00:00.000242 main     DMI Product Name: Nitro AN515-43
00:00:00.000247 main     DMI Product Version: V1.12
00:00:00.000250 main     Firmware type: UEFI
00:00:00.000445 main     Secure Boot: Disabled
00:00:00.000515 main     Host RAM: 13986MB (13.6GB) total, 12198MB (11.9GB) available
00:00:00.000520 main     Executable: /usr/lib/virtualbox/VBoxSVC
00:00:00.000521 main     Process ID: 3629
00:00:00.000522 main     Package type: LINUX_64BITS_GENERIC (OSE)
00:00:00.003201 main     IPC socket path: /tmp/.vbox-kapone-ipc/ipcd
00:00:00.107994 nspr-2   VirtualBox: object creation starts
00:00:00.108063 nspr-2   Home directory: '/home/kapone/.config/VirtualBox'
00:00:00.108178 nspr-2   Loading settings file "/home/kapone/.config/VirtualBox/VirtualBox.xml" with version "1.12-linux"
00:00:00.122875 nspr-2   NetIfAdpCtlOut: VBoxNetAdpCtl: Error while retrieving link speed for wlp4s0: VBoxNetAdpCtl: ioctl failed: Operation not supported
00:00:00.136885 nspr-2   HostDnsMonitor: initializing
00:00:00.137008 nspr-2   NAT: resolv.conf: nameserver 200.83.1.5
00:00:00.137013 nspr-2   NAT: resolv.conf: nameserver 190.160.0.15
00:00:00.137016 nspr-2   NAT: resolv.conf: nameserver 200.30.192.14
00:00:00.137020 nspr-2   HostDnsMonitor: updating information
00:00:00.137027 nspr-2   HostDnsMonitor: old information
00:00:00.137028 nspr-2     no server entries
00:00:00.137030 nspr-2     no domain set
00:00:00.137031 nspr-2     no search string entries
00:00:00.137033 nspr-2   HostDnsMonitor: new information
00:00:00.137034 nspr-2     server 1: 200.83.1.5
00:00:00.137036 nspr-2     server 2: 190.160.0.15
00:00:00.137037 nspr-2     server 3: 200.30.192.14
00:00:00.137039 nspr-2     no domain set
00:00:00.137040 nspr-2     no search string entries
00:00:00.147325 nspr-2   failed to create vboxnet0, error (0xffffffff)
00:00:00.147441 nspr-2   VD: VDInit finished with VINF_SUCCESS
00:00:00.147491 nspr-2   ERROR [COM]: aRC=NS_ERROR_FAILURE (0x80004005) aIID={027bc463-929c-40e8-bf16-fea557cd8e7e} aComponent={SystemPropertiesWrap} aText={Cannot determine default Guest Additions ISO location. Most likely they are not available}, preserve=false aResultDetail=0
00:00:00.147814 nspr-2   VirtualBox: object created
00:00:00.220808 nspr-2   NetIfAdpCtlOut: VBoxNetAdpCtl: Error while retrieving link speed for wlp4s0: VBoxNetAdpCtl: ioctl failed: Operation not supported
00:00:00.316385 nspr-2   NetIfAdpCtlOut: VBoxNetAdpCtl: Error while retrieving link speed for wlp4s0: VBoxNetAdpCtl: ioctl failed: Operation not supported
00:00:00.338470 nspr-2   NetIfAdpCtlOut: VBoxNetAdpCtl: Error while retrieving link speed for wlp4s0: VBoxNetAdpCtl: ioctl failed: Operation not supported
00:00:00.359869 nspr-2   NetIfAdpCtlOut: VBoxNetAdpCtl: Error while retrieving link speed for wlp4s0: VBoxNetAdpCtl: ioctl failed: Operation not supported
00:00:00.433053 nspr-2   Saving settings file "/home/kapone/.config/VirtualBox/VirtualBox.xml" with version "1.12-linux"
00:00:00.444752 nspr-2   Saving settings file "/home/kapone/.config/VirtualBox/VirtualBox.xml" with version "1.12-linux"
00:00:00.534095 nspr-2   Saving settings file "/home/kapone/.config/VirtualBox/VirtualBox.xml" with version "1.12-linux"
00:00:00.535876 nspr-2   Saving settings file "/home/kapone/.config/VirtualBox/VirtualBox.xml" with version "1.12-linux"
00:00:00.633631 nspr-2   NetIfAdpCtlOut: VBoxNetAdpCtl: Error while retrieving link speed for wlp4s0: VBoxNetAdpCtl: ioctl failed: Operation not supported
00:00:00.729173 nspr-2   NetIfAdpCtlOut: VBoxNetAdpCtl: Error while retrieving link speed for wlp4s0: VBoxNetAdpCtl: ioctl failed: Operation not supported
00:00:00.836245 nspr-2   NetIfAdpCtlOut: VBoxNetAdpCtl: Error while retrieving link speed for wlp4s0: VBoxNetAdpCtl: ioctl failed: Operation not supported
00:00:00.851356 nspr-2   Saving settings file "/home/kapone/.config/VirtualBox/VirtualBox.xml" with version "1.12-linux"
00:00:00.948495 nspr-2   NetIfAdpCtlOut: VBoxNetAdpCtl: Error while retrieving link speed for wlp4s0: VBoxNetAdpCtl: ioctl failed: Operation not supported
00:00:00.965393 nspr-2   Saving settings file "/home/kapone/.config/VirtualBox/VirtualBox.xml" with version "1.12-linux"
00:00:00.966998 nspr-2   Saving settings file "/home/kapone/.config/VirtualBox/VirtualBox.xml" with version "1.12-linux"
00:00:00.968494 nspr-2   Saving settings file "/home/kapone/.config/VirtualBox/VirtualBox.xml" with version "1.12-linux"
00:00:00.969893 nspr-2   Saving settings file "/home/kapone/.config/VirtualBox/VirtualBox.xml" with version "1.12-linux"
00:00:00.971415 nspr-2   Saving settings file "/home/kapone/.config/VirtualBox/VirtualBox.xml" with version "1.12-linux"
00:00:01.060665 nspr-2   NetIfAdpCtlOut: VBoxNetAdpCtl: Error while retrieving link speed for wlp4s0: VBoxNetAdpCtl: ioctl failed: Operation not supported
00:00:06.154815 main     VirtualBox: object deletion starts
00:00:06.155026 main     HostDnsMonitor: shutting down ...
00:00:06.161163 main     HostDnsMonitor: shut down
00:00:06.648834 Watcher  ERROR [COM]: aRC=E_ACCESSDENIED (0x80070005) aIID={d0a0163f-e254-4e5b-a1f2-011cf991c38d} aComponent={VirtualBoxWrap} aText={The object is not ready}, preserve=false aResultDetail=0
00:00:11.161254 main     {00007f50fc015290} HostPowerServiceLinux::~HostPowerServiceLinux: RTThreadWait() for 5000 ms failed with VERR_TIMEOUT
00:00:11.161439 main     VirtualBox: object deleted
